<?xml version="1.0" encoding="UTF-8"?>
<!-- Generated by org.testng.reporters.JUnitXMLReporter -->
<testsuite ignored="6" hostname="Harishankar" failures="0" tests="7" name="Gen Test - Row 3" time="82.913" errors="0" timestamp="2024-10-06T05:34:29 IST">
  <testcase classname="tesrCases.TC_001_DataDrivenTestingFillBrandingDetailsPageInTextToImageGeneration" name="DataDrivenTestingFillBrandingDetailsPageInTextToImageGeneration" time="22.829"/>
  <testcase classname="tesrCases.TC_002_DataDrivenTestingFillTargetGroupDetailsPageInTextToImageGeneration" name="DataDrivenTestingFillTargetGroupDetailsPageInTextToImageGeneration" time="17.763"/>
  <testcase classname="tesrCases.TC_003_DataDrivenTestingFillProductDetailsPageInTextToImageGeneration" name="DataDrivenTestingFillProductDetailsPageInTextToImageGeneration" time="1.81"/>
  <testcase classname="tesrCases.TC_004_DataDrivenTestingBrandSelectionPageInTextToImageGeneration" name="DataDrivenTestingBrandSelectionPageInTextToImageGeneration" time="1.701"/>
  <testcase classname="tesrCases.TC_005_DataDrivenTestingCampaignOverviewDetailsPageInTextToImageGeneration" name="DataDrivenTestingCampaignOverviewDetailsPageInTextToImageGeneration" time="3.198"/>
  <testcase classname="tesrCases.TC_006_DataDrivenTestingMediaChannelsSelectionPageInTextToImageGeneration" name="DataDrivenTestingMediaChannelsSelectionPageInTextToImageGeneration" time="1.89"/>
  <testcase classname="tesrCases.TC_007_DataDrivenTestingCreativeDesignSelectionPageInTextToImageGeneration" name="DataDrivenTestingCreativeDesignSelectionPageInTextToImageGeneration" time="31.388"/>
  <testcase classname="testBase.BaseClass" name="@BeforeSuite launchingapplication" time="0.0">
    <ignored/>
  </testcase> <!-- @BeforeSuite launchingapplication -->
  <testcase classname="testBase.BaseClass" name="@BeforeSuite launchingapplication" time="0.0">
    <ignored/>
  </testcase> <!-- @BeforeSuite launchingapplication -->
  <testcase classname="testBase.BaseClass" name="@BeforeSuite launchingapplication" time="0.0">
    <ignored/>
  </testcase> <!-- @BeforeSuite launchingapplication -->
  <testcase classname="testBase.BaseClass" name="@BeforeSuite launchingapplication" time="0.0">
    <ignored/>
  </testcase> <!-- @BeforeSuite launchingapplication -->
  <testcase classname="testBase.BaseClass" name="@BeforeSuite launchingapplication" time="0.0">
    <ignored/>
  </testcase> <!-- @BeforeSuite launchingapplication -->
  <testcase classname="testBase.BaseClass" name="@BeforeSuite launchingapplication" time="0.0">
    <ignored/>
  </testcase> <!-- @BeforeSuite launchingapplication -->
</testsuite> <!-- Gen Test - Row 3 -->
