<?xml version="1.0" encoding="UTF-8"?>
<!-- Generated by org.testng.reporters.JUnitXMLReporter -->
<testsuite ignored="6" hostname="Harishankar" failures="0" tests="7" name="Gen Test - Row 4" time="92.358" errors="0" timestamp="2024-10-06T05:36:01 IST">
  <testcase classname="tesrCases.TC_001_DataDrivenTestingFillBrandingDetailsPageInTextToImageGeneration" name="DataDrivenTestingFillBrandingDetailsPageInTextToImageGeneration" time="22.777"/>
  <testcase classname="tesrCases.TC_002_DataDrivenTestingFillTargetGroupDetailsPageInTextToImageGeneration" name="DataDrivenTestingFillTargetGroupDetailsPageInTextToImageGeneration" time="17.966"/>
  <testcase classname="tesrCases.TC_003_DataDrivenTestingFillProductDetailsPageInTextToImageGeneration" name="DataDrivenTestingFillProductDetailsPageInTextToImageGeneration" time="2.005"/>
  <testcase classname="tesrCases.TC_004_DataDrivenTestingBrandSelectionPageInTextToImageGeneration" name="DataDrivenTestingBrandSelectionPageInTextToImageGeneration" time="2.024"/>
  <testcase classname="tesrCases.TC_005_DataDrivenTestingCampaignOverviewDetailsPageInTextToImageGeneration" name="DataDrivenTestingCampaignOverviewDetailsPageInTextToImageGeneration" time="3.149"/>
  <testcase classname="tesrCases.TC_006_DataDrivenTestingMediaChannelsSelectionPageInTextToImageGeneration" name="DataDrivenTestingMediaChannelsSelectionPageInTextToImageGeneration" time="2.39"/>
  <testcase classname="tesrCases.TC_007_DataDrivenTestingCreativeDesignSelectionPageInTextToImageGeneration" name="DataDrivenTestingCreativeDesignSelectionPageInTextToImageGeneration" time="39.812"/>
  <testcase classname="testBase.BaseClass" name="@BeforeSuite launchingapplication" time="0.0">
    <ignored/>
  </testcase> <!-- @BeforeSuite launchingapplication -->
  <testcase classname="testBase.BaseClass" name="@BeforeSuite launchingapplication" time="0.0">
    <ignored/>
  </testcase> <!-- @BeforeSuite launchingapplication -->
  <testcase classname="testBase.BaseClass" name="@BeforeSuite launchingapplication" time="0.0">
    <ignored/>
  </testcase> <!-- @BeforeSuite launchingapplication -->
  <testcase classname="testBase.BaseClass" name="@BeforeSuite launchingapplication" time="0.0">
    <ignored/>
  </testcase> <!-- @BeforeSuite launchingapplication -->
  <testcase classname="testBase.BaseClass" name="@BeforeSuite launchingapplication" time="0.0">
    <ignored/>
  </testcase> <!-- @BeforeSuite launchingapplication -->
  <testcase classname="testBase.BaseClass" name="@BeforeSuite launchingapplication" time="0.0">
    <ignored/>
  </testcase> <!-- @BeforeSuite launchingapplication -->
</testsuite> <!-- Gen Test - Row 4 -->
