<?xml version="1.0" encoding="UTF-8"?>
<!-- Generated by org.testng.reporters.JUnitXMLReporter -->
<testsuite ignored="0" hostname="Harishankar" failures="1" tests="1" name="Gen Test" time="1.059" errors="0" timestamp="2024-10-06T12:10:18 IST">
  <testcase classname="tesrCases.TC_001_DataDrivenTesting_Text_to_ImageGeneration" name="ImageGanerationtext" time="0.0">
    <failure type="java.lang.RuntimeException" message="java.lang.NumberFormatException: Cannot parse null string">
      <![CDATA[java.lang.RuntimeException: java.lang.NumberFormatException: Cannot parse null string
at java.base/java.util.ArrayList.forEach(ArrayList.java:1596)
Caused by: java.lang.NumberFormatException: Cannot parse null string
at java.base/java.lang.Integer.parseInt(Integer.java:624)
at java.base/java.lang.Integer.parseInt(Integer.java:778)
at GenerateImage.DataProviderClass.getImageGenerationData(DataProviderClass.java:17)
... 25 more
... Removed 30 stack frames]]>
    </failure>
  </testcase> <!-- ImageGanerationtext -->
</testsuite> <!-- Gen Test -->
