<?xml version="1.0" encoding="UTF-8"?>
<!-- Generated by org.testng.reporters.JUnitXMLReporter -->
<testsuite ignored="0" hostname="Harishankar" failures="1" tests="1" name="Gen Test - Row 1" time="170.597" errors="0" timestamp="2024-10-23T14:36:42 IST">
  <testcase classname="tesrCases.TC_001_DataDrivenTesting_Text_to_ImageGeneration" name="ImageGenerationTest" time="159.663">
    <failure type="java.lang.AssertionError" message="Error during credit check. Screenshot saved at: C:\Users\HP\eclipse-workspace\qa-automatiom\Screenshots\CreditCheckError_Iteration_EcoBlend_20241023023641.png">
      <![CDATA[java.lang.AssertionError: Error during credit check. Screenshot saved at: C:\Users\HP\eclipse-workspace\qa-automatiom\Screenshots\CreditCheckError_Iteration_EcoBlend_20241023023641.png
at tesrCases.TC_001_DataDrivenTesting_Text_to_ImageGeneration.handleImageGenerationFailure(TC_001_DataDrivenTesting_Text_to_ImageGeneration.java:118)
at tesrCases.TC_001_DataDrivenTesting_Text_to_ImageGeneration.ImageGenerationTest(TC_001_DataDrivenTesting_Text_to_ImageGeneration.java:47)
at java.base/java.util.ArrayList.forEach(ArrayList.java:1596)
... Removed 26 stack frames]]>
    </failure>
  </testcase> <!-- ImageGenerationTest -->
</testsuite> <!-- Gen Test - Row 1 -->
