<?xml version="1.0" encoding="UTF-8"?>
<!-- Generated by org.testng.reporters.JUnitXMLReporter -->
<testsuite ignored="2" hostname="Harishankar" failures="1" tests="3" name="Gen Test - Row 1" time="219.504" errors="0" timestamp="2024-10-08T16:35:17 IST">
  <testcase classname="tesrCases.TC_10_DataDrivenTesting_ProductNameTextFieldPageInImageToImageGeneration" name="DataDrivenTesting_ProductNameTextFieldPageInImageToImageGeneration" time="6.042"/>
  <testcase classname="tesrCases.TC_11_DataDrivenTesting_ProductImagePageInImageToImageGeneration" name="DataDrivenTesting_ProductImagePageInImageToImageGeneration" time="4.881"/>
  <testcase classname="tesrCases.TC_12_DataDrivenTesting_ImageBackdropsFillDataPagInImageToImagePage" name="DataDrivenTesting_ImageBackdropsFillDataPagInImageToImagePage" time="205.083">
    <failure type="java.lang.RuntimeException" message="Timeout: Image generation status not displayed within 3 minutes.">
      <![CDATA[java.lang.RuntimeException: Timeout: Image generation status not displayed within 3 minutes.
at pageObjects.Creativedesign.ImageGenerationStatus(Creativedesign.java:223)
at tesrCases.TC_12_DataDrivenTesting_ImageBackdropsFillDataPagInImageToImagePage.DataDrivenTesting_ImageBackdropsFillDataPagInImageToImagePage(TC_12_DataDrivenTesting_ImageBackdropsFillDataPagInImageToImagePage.java:25)
at java.base/java.util.ArrayList.forEach(ArrayList.java:1596)
Caused by: org.openqa.selenium.TimeoutException: Expected condition failed: waiting for visibility of Proxy element for: DefaultElementLocator 'By.xpath: //div[@class='slick-list']//img' (tried for 180 second(s) with 500 milliseconds interval)
at org.openqa.selenium.support.ui.WebDriverWait.timeoutException(WebDriverWait.java:84)
at org.openqa.selenium.support.ui.FluentWait.until(FluentWait.java:228)
at pageObjects.Creativedesign.ImageGenerationStatus(Creativedesign.java:208)
... 27 more
Caused by: org.openqa.selenium.NoSuchElementException: no such element: Unable to locate element: {"method":"xpath","selector":"//div[@class='slick-list']//img"}
  (Session info: chrome=129.0.6668.90)
For documentation on this error, please visit: https://www.selenium.dev/documentation/webdriver/troubleshooting/errors#no-such-element-exception
Build info: version: '4.24.0', revision: '748ffc9bc3'
System info: os.name: 'Windows 11', os.arch: 'amd64', os.version: '10.0', java.version: '21.0.4'
Driver info: org.openqa.selenium.chrome.ChromeDriver
Command: [5866b55f96cfb39f474adc67baedf417, findElement {using=xpath, value=//div[@class='slick-list']//img}]
Capabilities {acceptInsecureCerts: false, browserName: chrome, browserVersion: 129.0.6668.90, chrome: {chromedriverVersion: 129.0.6668.89 (951c0b97221f..., userDataDir: C:\Users\HP\AppData\Local\T...}, fedcm:accounts: true, goog:chromeOptions: {debuggerAddress: localhost:51579}, networkConnectionEnabled: false, pageLoadStrategy: normal, platformName: windows, proxy: Proxy(), se:cdp: ws://localhost:51579/devtoo..., se:cdpVersion: 129.0.6668.90, setWindowRect: true, strictFileInteractability: false, timeouts: {implicit: 0, pageLoad: 300000, script: 30000}, unhandledPromptBehavior: dismiss and notify, webauthn:extension:credBlob: true, webauthn:extension:largeBlob: true, webauthn:extension:minPinLength: true, webauthn:extension:prf: true, webauthn:virtualAuthenticators: true}
Session ID: 5866b55f96cfb39f474adc67baedf417
at org.openqa.selenium.remote.ErrorCodec.decode(ErrorCodec.java:167)
at org.openqa.selenium.remote.codec.w3c.W3CHttpResponseCodec.decode(W3CHttpResponseCodec.java:138)
at org.openqa.selenium.remote.codec.w3c.W3CHttpResponseCodec.decode(W3CHttpResponseCodec.java:50)
at org.openqa.selenium.remote.HttpCommandExecutor.execute(HttpCommandExecutor.java:190)
at org.openqa.selenium.remote.service.DriverCommandExecutor.invokeExecute(DriverCommandExecutor.java:216)
at org.openqa.selenium.remote.service.DriverCommandExecutor.execute(DriverCommandExecutor.java:174)
at org.openqa.selenium.remote.RemoteWebDriver.execute(RemoteWebDriver.java:545)
at org.openqa.selenium.remote.ElementLocation$ElementFinder$2.findElement(ElementLocation.java:165)
at org.openqa.selenium.remote.ElementLocation.findElement(ElementLocation.java:59)
at org.openqa.selenium.remote.RemoteWebDriver.findElement(RemoteWebDriver.java:368)
at org.openqa.selenium.remote.RemoteWebDriver.findElement(RemoteWebDriver.java:362)
at org.openqa.selenium.support.pagefactory.DefaultElementLocator.findElement(DefaultElementLocator.java:68)
at org.openqa.selenium.support.pagefactory.internal.LocatingElementHandler.invoke(LocatingElementHandler.java:38)
at jdk.proxy2/jdk.proxy2.$Proxy29.isDisplayed(Unknown Source)
at org.openqa.selenium.support.ui.ExpectedConditions.elementIfVisible(ExpectedConditions.java:304)
at org.openqa.selenium.support.ui.ExpectedConditions$10.apply(ExpectedConditions.java:290)
at org.openqa.selenium.support.ui.ExpectedConditions$10.apply(ExpectedConditions.java:287)
at org.openqa.selenium.support.ui.FluentWait.until(FluentWait.java:203)
... 28 more
... Removed 28 stack frames]]>
    </failure>
  </testcase> <!-- DataDrivenTesting_ImageBackdropsFillDataPagInImageToImagePage -->
  <testcase classname="testBase.BaseClass" name="@BeforeSuite launchingApplication" time="0.0">
    <ignored/>
  </testcase> <!-- @BeforeSuite launchingApplication -->
  <testcase classname="testBase.BaseClass" name="@BeforeSuite launchingApplication" time="0.0">
    <ignored/>
  </testcase> <!-- @BeforeSuite launchingApplication -->
</testsuite> <!-- Gen Test - Row 1 -->
