<?xml version="1.0" encoding="UTF-8"?>
<!-- Generated by org.testng.reporters.JUnitXMLReporter -->
<testsuite ignored="6" hostname="Harishankar" failures="0" tests="4" name="Test 1 - Text to Image Generation" time="422.396" errors="0" timestamp="2024-11-13T19:22:43 IST">
  <testcase classname="tesrCases.TC_001_DataDrivenTesting_Text_to_ImageGeneration" name="ImageGenerationTest" time="62.099"/>
  <testcase classname="tesrCases.TC_002_DataDrivenTesting_Image_to_ImageGeneration" name="ImageGenerationTestImageToImage" time="17.674"/>
  <testcase classname="tesrCases.TC_010_DataDrivenTesting_Text_to_VideoGeneration" name="TextToVideoGeneration" time="274.489"/>
  <testcase classname="tesrCases.TC_011_DataDrivenTesting_Image_to_VideoGeneration" name="ImageGenerationTestImageToVideo" time="22.892"/>
  <testcase classname="testBase.BaseClass" name="@AfterTest tearDown" time="0.0">
    <ignored/>
  </testcase> <!-- @AfterTest tearDown -->
  <testcase classname="testBase.BaseClass" name="@AfterTest tearDown" time="0.0">
    <ignored/>
  </testcase> <!-- @AfterTest tearDown -->
  <testcase classname="testBase.BaseClass" name="@AfterTest tearDown" time="0.0">
    <ignored/>
  </testcase> <!-- @AfterTest tearDown -->
  <testcase classname="testBase.BaseClass" name="@BeforeTest launchingApplication" time="0.0">
    <ignored/>
  </testcase> <!-- @BeforeTest launchingApplication -->
  <testcase classname="testBase.BaseClass" name="@BeforeTest launchingApplication" time="0.0">
    <ignored/>
  </testcase> <!-- @BeforeTest launchingApplication -->
  <testcase classname="testBase.BaseClass" name="@BeforeTest launchingApplication" time="0.0">
    <ignored/>
  </testcase> <!-- @BeforeTest launchingApplication -->
</testsuite> <!-- Test 1 - Text to Image Generation -->
