<?xml version="1.0" encoding="UTF-8"?>
<testng-results ignored="0" total="1" passed="0" failed="1" skipped="0">
  <reporter-output>
  </reporter-output>
  <suite started-at="2024-10-22T19:28:42 IST" name="Suite" finished-at="2024-10-22T19:29:36 IST" duration-ms="54278">
    <groups>
    </groups>
    <test started-at="2024-10-22T19:28:42 IST" name="Gen Test - Row 1" finished-at="2024-10-22T19:29:36 IST" duration-ms="54278">
      <class name="tesrCases.TC_001_DataDrivenTesting_Text_to_ImageGeneration">
        <test-method is-config="true" signature="launchingApplication(java.lang.String,java.lang.String)[pri:0, instance:tesrCases.TC_001_DataDrivenTesting_Text_to_ImageGeneration@6c345c5f]" started-at="2024-10-22T19:27:29 IST" name="launchingApplication" finished-at="2024-10-22T19:28:42 IST" duration-ms="73032" status="PASS">
          <params>
            <param index="0">
              <value>
                <![CDATA[windows]]>
              </value>
            </param>
            <param index="1">
              <value>
                <![CDATA[chrome]]>
              </value>
            </param>
          </params>
          <reporter-output>
          </reporter-output>
        </test-method> <!-- launchingApplication -->
        <test-method signature="ImageGenerationTest(java.lang.String,java.lang.String,java.lang.String,java.lang.String,java.lang.String,java.lang.String,java.lang.String,java.lang.String,java.lang.String,java.lang.String,java.lang.String,java.lang.String,java.lang.String,java.lang.String,java.lang.String,java.lang.String,java.lang.String,java.lang.String,java.lang.String)[pri:0, instance:tesrCases.TC_001_DataDrivenTesting_Text_to_ImageGeneration@6c345c5f]" started-at="2024-10-22T19:28:54 IST" name="ImageGenerationTest" data-provider="imageGenerationData" finished-at="2024-10-22T19:29:36 IST" duration-ms="42015" status="FAIL">
          <params>
            <param index="0">
              <value>
                <![CDATA[EcoBlend]]>
              </value>
            </param>
            <param index="1">
              <value>
                <![CDATA[Fashion and Apparel]]>
              </value>
            </param>
            <param index="2">
              <value>
                <![CDATA[We specialize in eco-friendly home products that combine style with sustainability.]]>
              </value>
            </param>
            <param index="3">
              <value>
                <![CDATA[Eco-Conscious]]>
              </value>
            </param>
            <param index="4">
              <value>
                <![CDATA[Female]]>
              </value>
            </param>
            <param index="5">
              <value>
                <![CDATA[All Ages]]>
              </value>
            </param>
            <param index="6">
              <value>
                <![CDATA[All India]]>
              </value>
            </param>
            <param index="7">
              <value>
                <![CDATA[D:\\Mahipal\\NYX.today\\BrandLogos\\EcoBlend.png]]>
              </value>
            </param>
            <param index="8">
              <value>
                <![CDATA[EcoBlend Bamboo]]>
              </value>
            </param>
            <param index="9">
              <value>
                <![CDATA[Stylish, durable, and made from 100% sustainable bamboo for eco-conscious living.]]>
              </value>
            </param>
            <param index="10">
              <value>
                <![CDATA[D:\\Mahipal\\NYX.today\\ProductLogo\\Bamboo.png]]>
              </value>
            </param>
            <param index="11">
              <value>
                <![CDATA[Green Living Revolution]]>
              </value>
            </param>
            <param index="12">
              <value>
                <![CDATA[Increase brand awareness and highlight eco-friendly features.]]>
              </value>
            </param>
            <param index="13">
              <value>
                <![CDATA[facebook]]>
              </value>
            </param>
            <param index="14">
              <value>
                <![CDATA[(1080*1080)]]>
              </value>
            </param>
            <param index="15">
              <value>
                <![CDATA[Indian]]>
              </value>
            </param>
            <param index="16">
              <value>
                <![CDATA[Object]]>
              </value>
            </param>
            <param index="17">
              <value>
                <![CDATA[3D Model]]>
              </value>
            </param>
            <param index="18">
              <value>
                <![CDATA[A set of bamboo utensils laid out on a minimalist kitchen counter, showcasing their natural texture and eco-friendly appeal.]]>
              </value>
            </param>
          </params>
          <exception class="java.lang.AssertionError">
            <message>
              <![CDATA[Error during credit check. Screenshot saved at: C:\Users\HP\eclipse-workspace\qa-automatiom\Screenshots\CreditCheckError_Iteration_EcoBlend_20241022072935.png]]>
            </message>
            <full-stacktrace>
              <![CDATA[java.lang.AssertionError: Error during credit check. Screenshot saved at: C:\Users\HP\eclipse-workspace\qa-automatiom\Screenshots\CreditCheckError_Iteration_EcoBlend_20241022072935.png
at org.testng.Assert.fail(Assert.java:111)
at tesrCases.TC_001_DataDrivenTesting_Text_to_ImageGeneration.handleImageGenerationFailure(TC_001_DataDrivenTesting_Text_to_ImageGeneration.java:117)
at tesrCases.TC_001_DataDrivenTesting_Text_to_ImageGeneration.ImageGenerationTest(TC_001_DataDrivenTesting_Text_to_ImageGeneration.java:47)
at java.base/jdk.internal.reflect.DirectMethodHandleAccessor.invoke(DirectMethodHandleAccessor.java:103)
at java.base/java.lang.reflect.Method.invoke(Method.java:580)
at org.testng.internal.invokers.MethodInvocationHelper.invokeMethod(MethodInvocationHelper.java:141)
at org.testng.internal.invokers.TestInvoker.invokeMethod(TestInvoker.java:686)
at org.testng.internal.invokers.TestInvoker.invokeTestMethod(TestInvoker.java:230)
at org.testng.internal.invokers.MethodRunner.runInSequence(MethodRunner.java:63)
at org.testng.internal.invokers.TestInvoker$MethodInvocationAgent.invoke(TestInvoker.java:992)
at org.testng.internal.invokers.TestInvoker.invokeTestMethods(TestInvoker.java:203)
at org.testng.internal.invokers.TestMethodWorker.invokeTestMethods(TestMethodWorker.java:154)
at org.testng.internal.invokers.TestMethodWorker.run(TestMethodWorker.java:134)
at java.base/java.util.ArrayList.forEach(ArrayList.java:1596)
at org.testng.TestRunner.privateRun(TestRunner.java:739)
at org.testng.TestRunner.run(TestRunner.java:614)
at org.testng.SuiteRunner.runTest(SuiteRunner.java:421)
at org.testng.SuiteRunner.runSequentially(SuiteRunner.java:413)
at org.testng.SuiteRunner.privateRun(SuiteRunner.java:373)
at org.testng.SuiteRunner.run(SuiteRunner.java:312)
at org.testng.SuiteRunnerWorker.runSuite(SuiteRunnerWorker.java:52)
at org.testng.SuiteRunnerWorker.run(SuiteRunnerWorker.java:95)
at org.testng.TestNG.runSuitesSequentially(TestNG.java:1274)
at org.testng.TestNG.runSuitesLocally(TestNG.java:1208)
at org.testng.TestNG.runSuites(TestNG.java:1112)
at org.testng.TestNG.run(TestNG.java:1079)
at org.apache.maven.surefire.testng.TestNGExecutor.run(TestNGExecutor.java:284)
at org.apache.maven.surefire.testng.TestNGXmlTestSuite.execute(TestNGXmlTestSuite.java:75)
at org.apache.maven.surefire.testng.TestNGProvider.invoke(TestNGProvider.java:119)
at org.apache.maven.surefire.booter.ForkedBooter.runSuitesInProcess(ForkedBooter.java:428)
at org.apache.maven.surefire.booter.ForkedBooter.execute(ForkedBooter.java:162)
at org.apache.maven.surefire.booter.ForkedBooter.run(ForkedBooter.java:562)
at org.apache.maven.surefire.booter.ForkedBooter.main(ForkedBooter.java:548)
]]>
            </full-stacktrace>
          </exception> <!-- java.lang.AssertionError -->
          <reporter-output>
          </reporter-output>
        </test-method> <!-- ImageGenerationTest -->
      </class> <!-- tesrCases.TC_001_DataDrivenTesting_Text_to_ImageGeneration -->
    </test> <!-- Gen Test - Row 1 -->
  </suite> <!-- Suite -->
</testng-results>
