<?xml version="1.0" encoding="UTF-8"?>
<!-- Generated by org.testng.reporters.JUnitXMLReporter -->
<testsuite ignored="0" hostname="Harishankar" failures="0" tests="7" name="FitpeoTest" time="56.194" errors="0" timestamp="2024-11-27T21:30:06 IST">
  <testcase classname="tesrCases.TC_01_NavigatingFitPeoHomepage" name="TC_01_NavigatingFitPeoHomepageTest" time="0.212"/>
  <testcase classname="tesrCases.TC_01_NavigatingFitPeoHomepage" name="TC_02_NavigateToRevenueCalculatorPageTest" time="3.087"/>
  <testcase classname="tesrCases.TC_01_NavigatingFitPeoHomepage" name="TC_03_ScrollDownToSliderUntilVisibleTest" time="0.088"/>
  <testcase classname="tesrCases.TC_01_NavigatingFitPeoHomepage" name="TC_04_AdjustTheSliderFunctionalityTest" time="51.28"/>
  <testcase classname="tesrCases.TC_01_NavigatingFitPeoHomepage" name="TC_05_UpdateTheTextFieldFunctionalityTest" time="0.232"/>
  <testcase classname="tesrCases.TC_01_NavigatingFitPeoHomepage" name="TC_06_SelectCPTCodesFunctionalityTest" time="1.164"/>
  <testcase classname="tesrCases.TC_01_NavigatingFitPeoHomepage" name="TC_07_ValidateTotalRecurringReimbursementTest" time="0.045"/>
</testsuite> <!-- FitpeoTest -->
