<?xml version="1.0" encoding="UTF-8"?>
<testng-results ignored="0" total="1" passed="1" failed="0" skipped="0">
  <reporter-output>
  </reporter-output>
  <suite started-at="2024-11-13T22:01:10 IST" name="Suite" finished-at="2024-11-13T22:02:16 IST" duration-ms="65662">
    <groups>
    </groups>
    <test started-at="2024-11-13T22:01:10 IST" name="Test 1 - Text to Image Generation" finished-at="2024-11-13T22:02:16 IST" duration-ms="65662">
      <class name="tesrCases.TC_011_DataDrivenTesting_Image_to_VideoGeneration">
        <test-method is-config="true" signature="launchingApplication(java.lang.String,java.lang.String)[pri:0, instance:tesrCases.TC_011_DataDrivenTesting_Image_to_VideoGeneration@4a067c25]" started-at="2024-11-13T22:01:10 IST" name="launchingApplication" finished-at="2024-11-13T22:01:33 IST" duration-ms="22996" status="PASS">
          <params>
            <param index="0">
              <value>
                <![CDATA[windows]]>
              </value>
            </param>
            <param index="1">
              <value>
                <![CDATA[chrome]]>
              </value>
            </param>
          </params>
          <reporter-output>
          </reporter-output>
        </test-method> <!-- launchingApplication -->
        <test-method signature="ImageGenerationTestImageToVideo(java.lang.String,java.lang.String,java.lang.String,java.lang.String,java.lang.String)[pri:0, instance:tesrCases.TC_011_DataDrivenTesting_Image_to_VideoGeneration@4a067c25]" started-at="2024-11-13T22:01:35 IST" name="ImageGenerationTestImageToVideo" data-provider="ImageToVideoGenerationData" finished-at="2024-11-13T22:02:15 IST" duration-ms="40201" status="PASS">
          <params>
            <param index="0">
              <value>
                <![CDATA[Upload from Drive]]>
              </value>
            </param>
            <param index="1">
              <value>
                <![CDATA[]]>
              </value>
            </param>
            <param index="2">
              <value>
                <![CDATA[Vertical]]>
              </value>
            </param>
            <param index="3">
              <value>
                <![CDATA[50.0]]>
              </value>
            </param>
            <param index="4">
              <value>
                <![CDATA[4.0]]>
              </value>
            </param>
          </params>
          <reporter-output>
          </reporter-output>
        </test-method> <!-- ImageGenerationTestImageToVideo -->
        <test-method is-config="true" signature="tearDown()[pri:0, instance:tesrCases.TC_011_DataDrivenTesting_Image_to_VideoGeneration@4a067c25]" started-at="2024-11-13T22:02:16 IST" name="tearDown" finished-at="2024-11-13T22:02:16 IST" duration-ms="5" status="PASS">
          <reporter-output>
          </reporter-output>
        </test-method> <!-- tearDown -->
      </class> <!-- tesrCases.TC_011_DataDrivenTesting_Image_to_VideoGeneration -->
    </test> <!-- Test 1 - Text to Image Generation -->
  </suite> <!-- Suite -->
</testng-results>
