<?xml version="1.0" encoding="UTF-8"?>
<testng-results ignored="0" total="1" passed="0" failed="0" skipped="1">
  <reporter-output>
  </reporter-output>
  <suite started-at="2024-09-16T10:26:59 IST" name="Default suite" finished-at="2024-09-16T10:27:01 IST" duration-ms="1857">
    <groups>
    </groups>
    <test started-at="2024-09-16T10:26:59 IST" name="Default test" finished-at="2024-09-16T10:27:01 IST" duration-ms="1857">
      <class name="tesrCases.TC_001_DataDrivenTesting_Text_to_ImageGeneration">
        <test-method is-config="true" signature="launchingapplication(java.lang.String,java.lang.String)[pri:0, instance:tesrCases.TC_001_DataDrivenTesting_Text_to_ImageGeneration@4351c8c3]" started-at="2024-09-16T10:26:59 IST" name="launchingapplication" finished-at="1970-01-01T05:30:00 IST" duration-ms="-1726462619822" status="FAIL">
          <exception class="org.testng.TestNGException">
            <message>
              <![CDATA[
Parameter 'os' is required by BeforeClass on method launchingapplication but has not been marked @Optional or defined
in C:\Users\HP\AppData\Local\Temp\testng-eclipse--1432817994\testng-customsuite.xml]]>
            </message>
            <full-stacktrace>
              <![CDATA[org.testng.TestNGException: 
Parameter 'os' is required by BeforeClass on method launchingapplication but has not been marked @Optional or defined
in C:\Users\HP\AppData\Local\Temp\testng-eclipse--1432817994\testng-customsuite.xml
at org.testng.internal.Parameters.createParams(Parameters.java:264)
at org.testng.internal.Parameters.createParametersForMethod(Parameters.java:352)
at org.testng.internal.Parameters.createParameters(Parameters.java:690)
at org.testng.internal.Parameters.createConfigurationParameters(Parameters.java:163)
at org.testng.internal.invokers.ConfigInvoker.invokeConfigurations(ConfigInvoker.java:313)
at org.testng.internal.invokers.TestMethodWorker.invokeBeforeClassMethods(TestMethodWorker.java:188)
at org.testng.internal.invokers.TestMethodWorker.run(TestMethodWorker.java:128)
at java.base/java.util.ArrayList.forEach(ArrayList.java:1511)
at org.testng.TestRunner.privateRun(TestRunner.java:739)
at org.testng.TestRunner.run(TestRunner.java:614)
at org.testng.SuiteRunner.runTest(SuiteRunner.java:421)
at org.testng.SuiteRunner.runSequentially(SuiteRunner.java:413)
at org.testng.SuiteRunner.privateRun(SuiteRunner.java:373)
at org.testng.SuiteRunner.run(SuiteRunner.java:312)
at org.testng.SuiteRunnerWorker.runSuite(SuiteRunnerWorker.java:52)
at org.testng.SuiteRunnerWorker.run(SuiteRunnerWorker.java:95)
at org.testng.TestNG.runSuitesSequentially(TestNG.java:1274)
at org.testng.TestNG.runSuitesLocally(TestNG.java:1208)
at org.testng.TestNG.runSuites(TestNG.java:1112)
at org.testng.TestNG.run(TestNG.java:1079)
at org.testng.remote.AbstractRemoteTestNG.run(AbstractRemoteTestNG.java:115)
at org.testng.remote.RemoteTestNG.initAndRun(RemoteTestNG.java:293)
at org.testng.remote.RemoteTestNG.main(RemoteTestNG.java:91)
]]>
            </full-stacktrace>
          </exception> <!-- org.testng.TestNGException -->
          <reporter-output>
          </reporter-output>
        </test-method> <!-- launchingapplication -->
        <test-method signature="ImageGanerationtext(java.lang.String,java.lang.String,java.lang.String,java.lang.String,java.lang.String,java.lang.String,java.lang.String,java.lang.String,java.lang.String,java.lang.String,java.lang.String,java.lang.String,java.lang.String,java.lang.String,java.lang.String,java.lang.String,java.lang.String,java.lang.String,java.lang.String)[pri:1, instance:tesrCases.TC_001_DataDrivenTesting_Text_to_ImageGeneration@4351c8c3]" started-at="2024-09-16T10:27:01 IST" name="ImageGanerationtext" data-provider="imageGenerationData" finished-at="2024-09-16T10:27:01 IST" duration-ms="0" status="SKIP">
          <params>
            <param index="0">
              <value>
                <![CDATA[EcoBlend]]>
              </value>
            </param>
            <param index="1">
              <value>
                <![CDATA[Fashion and Apparel]]>
              </value>
            </param>
            <param index="2">
              <value>
                <![CDATA[We specialize in eco-friendly home products that combine style with sustainability.]]>
              </value>
            </param>
            <param index="3">
              <value>
                <![CDATA[Eco-Conscious]]>
              </value>
            </param>
            <param index="4">
              <value>
                <![CDATA[Female]]>
              </value>
            </param>
            <param index="5">
              <value>
                <![CDATA[All Ages]]>
              </value>
            </param>
            <param index="6">
              <value>
                <![CDATA[All India]]>
              </value>
            </param>
            <param index="7">
              <value>
                <![CDATA[D:\\Mahipal\\NYX.today\\BrandLogos\\EcoBlend.png]]>
              </value>
            </param>
            <param index="8">
              <value>
                <![CDATA[EcoBlend Bamboo]]>
              </value>
            </param>
            <param index="9">
              <value>
                <![CDATA[Stylish, durable, and made from 100% sustainable bamboo for eco-conscious living.]]>
              </value>
            </param>
            <param index="10">
              <value>
                <![CDATA[D:\\Mahipal\\NYX.today\\ProductLogo\\Bamboo.png]]>
              </value>
            </param>
            <param index="11">
              <value>
                <![CDATA[Green Living Revolution]]>
              </value>
            </param>
            <param index="12">
              <value>
                <![CDATA[Increase brand awareness and highlight eco-friendly features.]]>
              </value>
            </param>
            <param index="13">
              <value>
                <![CDATA[facebook]]>
              </value>
            </param>
            <param index="14">
              <value>
                <![CDATA[(1080*1080)]]>
              </value>
            </param>
            <param index="15">
              <value>
                <![CDATA[Indian]]>
              </value>
            </param>
            <param index="16">
              <value>
                <![CDATA[Object]]>
              </value>
            </param>
            <param index="17">
              <value>
                <![CDATA[3D Model]]>
              </value>
            </param>
            <param index="18">
              <value>
                <![CDATA[A set of bamboo utensils laid out on a minimalist kitchen counter, showcasing their natural texture and eco-friendly appeal.]]>
              </value>
            </param>
          </params>
          <exception class="org.testng.TestNGException">
            <message>
              <![CDATA[
Parameter 'os' is required by BeforeClass on method launchingapplication but has not been marked @Optional or defined
in C:\Users\HP\AppData\Local\Temp\testng-eclipse--1432817994\testng-customsuite.xml]]>
            </message>
            <full-stacktrace>
              <![CDATA[org.testng.TestNGException: 
Parameter 'os' is required by BeforeClass on method launchingapplication but has not been marked @Optional or defined
in C:\Users\HP\AppData\Local\Temp\testng-eclipse--1432817994\testng-customsuite.xml
at org.testng.internal.Parameters.createParams(Parameters.java:264)
at org.testng.internal.Parameters.createParametersForMethod(Parameters.java:352)
at org.testng.internal.Parameters.createParameters(Parameters.java:690)
at org.testng.internal.Parameters.createConfigurationParameters(Parameters.java:163)
at org.testng.internal.invokers.ConfigInvoker.invokeConfigurations(ConfigInvoker.java:313)
at org.testng.internal.invokers.TestMethodWorker.invokeBeforeClassMethods(TestMethodWorker.java:188)
at org.testng.internal.invokers.TestMethodWorker.run(TestMethodWorker.java:128)
at java.base/java.util.ArrayList.forEach(ArrayList.java:1511)
at org.testng.TestRunner.privateRun(TestRunner.java:739)
at org.testng.TestRunner.run(TestRunner.java:614)
at org.testng.SuiteRunner.runTest(SuiteRunner.java:421)
at org.testng.SuiteRunner.runSequentially(SuiteRunner.java:413)
at org.testng.SuiteRunner.privateRun(SuiteRunner.java:373)
at org.testng.SuiteRunner.run(SuiteRunner.java:312)
at org.testng.SuiteRunnerWorker.runSuite(SuiteRunnerWorker.java:52)
at org.testng.SuiteRunnerWorker.run(SuiteRunnerWorker.java:95)
at org.testng.TestNG.runSuitesSequentially(TestNG.java:1274)
at org.testng.TestNG.runSuitesLocally(TestNG.java:1208)
at org.testng.TestNG.runSuites(TestNG.java:1112)
at org.testng.TestNG.run(TestNG.java:1079)
at org.testng.remote.AbstractRemoteTestNG.run(AbstractRemoteTestNG.java:115)
at org.testng.remote.RemoteTestNG.initAndRun(RemoteTestNG.java:293)
at org.testng.remote.RemoteTestNG.main(RemoteTestNG.java:91)
]]>
            </full-stacktrace>
          </exception> <!-- org.testng.TestNGException -->
          <reporter-output>
          </reporter-output>
        </test-method> <!-- ImageGanerationtext -->
        <test-method is-config="true" signature="teardown()[pri:0, instance:tesrCases.TC_001_DataDrivenTesting_Text_to_ImageGeneration@4351c8c3]" started-at="2024-09-16T10:27:01 IST" name="teardown" finished-at="2024-09-16T10:27:01 IST" duration-ms="0" status="SKIP">
          <reporter-output>
          </reporter-output>
        </test-method> <!-- teardown -->
      </class> <!-- tesrCases.TC_001_DataDrivenTesting_Text_to_ImageGeneration -->
    </test> <!-- Default test -->
  </suite> <!-- Default suite -->
</testng-results>
